[debug] [2022-12-10T13:07:51.983Z] ----------------------------------------------------------------------
[debug] [2022-12-10T13:07:51.985Z] Command:       C:\Program Files\nodejs\node.exe C:\Users\my638\AppData\Roaming\npm\node_modules\firebase-tools\lib\bin\firebase.js init
[debug] [2022-12-10T13:07:51.985Z] CLI Version:   11.17.0
[debug] [2022-12-10T13:07:51.986Z] Platform:      win32
[debug] [2022-12-10T13:07:51.986Z] Node Version:  v18.12.1
[debug] [2022-12-10T13:07:51.986Z] Time:          Sat Dec 10 2022 19:07:51 GMT+0600 (Bangladesh Standard Time)
[debug] [2022-12-10T13:07:51.986Z] ----------------------------------------------------------------------
[debug] 
[debug] [2022-12-10T13:07:51.993Z] > command requires scopes: ["email","openid","https://www.googleapis.com/auth/cloudplatformprojects.readonly","https://www.googleapis.com/auth/firebase","https://www.googleapis.com/auth/cloud-platform"]
[debug] [2022-12-10T13:07:51.994Z] > authorizing via signed-in user (fnismailhasan@gmail.com)
[info] 
     ######## #### ########  ######## ########     ###     ######  ########
     ##        ##  ##     ## ##       ##     ##  ##   ##  ##       ##
     ######    ##  ########  ######   ########  #########  ######  ######
     ##        ##  ##    ##  ##       ##     ## ##     ##       ## ##
     ##       #### ##     ## ######## ########  ##     ##  ######  ########

You're about to initialize a Firebase project in this directory:

  D:\final portfolio\portfolio

[info] 
=== Project Setup
[info] 
[info] First, let's associate this project directory with a Firebase project.
[info] You can create multiple project aliases by running firebase use --add, 
[info] but for now we'll just set up a default project.
[info] 
[info] i  If you want to create a project in a Google Cloud organization or folder, please use "firebase projects:create" instead, and return to this command when you've created the project. 
